0 info it worked if it ends with ok
1 verbose cli [ '/Users/Matt/.nvm/versions/node/v4.2.6/bin/node',
1 verbose cli   '/Users/Matt/.nvm/versions/node/v4.2.6/bin/npm',
1 verbose cli   'install',
1 verbose cli   '@types/jquery-ui',
1 verbose cli   '--save-dev' ]
2 info using npm@3.5.2
3 info using node@v4.2.6
4 silly loadCurrentTree Starting
5 silly install loadCurrentTree
6 silly install readLocalPackageData
7 silly fetchPackageMetaData @types/jquery-ui
8 silly fetchNamedPackageData @types/jquery-ui
9 silly mapToRegistry name @types/jquery-ui
10 silly mapToRegistry scope (from package name) @types
11 verbose mapToRegistry no registry URL found in name for scope @types
12 silly mapToRegistry using default registry
13 silly mapToRegistry registry https://registry.npmjs.org/
14 silly mapToRegistry uri https://registry.npmjs.org/@types%2fjquery-ui
15 verbose request uri https://registry.npmjs.org/@types%2fjquery-ui
16 verbose request no auth needed
17 info attempt registry request try #1 at 12:48:09 AM
18 verbose request id eae9ddc65de7f874
19 http request GET https://registry.npmjs.org/@types%2fjquery-ui
20 http 404 https://registry.npmjs.org/@types%2fjquery-ui
21 verbose headers { 'content-type': 'application/json',
21 verbose headers   'cache-control': 'max-age=0',
21 verbose headers   'content-length': '2',
21 verbose headers   'accept-ranges': 'bytes',
21 verbose headers   date: 'Tue, 24 Jan 2017 23:48:10 GMT',
21 verbose headers   via: '1.1 varnish',
21 verbose headers   age: '0',
21 verbose headers   connection: 'keep-alive',
21 verbose headers   'x-served-by': 'cache-hhn1544-HHN',
21 verbose headers   'x-cache': 'MISS',
21 verbose headers   'x-cache-hits': '0',
21 verbose headers   'x-timer': 'S1485301689.847324,VS0,VE331',
21 verbose headers   vary: 'Accept-Encoding' }
22 silly get cb [ 404,
22 silly get   { 'content-type': 'application/json',
22 silly get     'cache-control': 'max-age=0',
22 silly get     'content-length': '2',
22 silly get     'accept-ranges': 'bytes',
22 silly get     date: 'Tue, 24 Jan 2017 23:48:10 GMT',
22 silly get     via: '1.1 varnish',
22 silly get     age: '0',
22 silly get     connection: 'keep-alive',
22 silly get     'x-served-by': 'cache-hhn1544-HHN',
22 silly get     'x-cache': 'MISS',
22 silly get     'x-cache-hits': '0',
22 silly get     'x-timer': 'S1485301689.847324,VS0,VE331',
22 silly get     vary: 'Accept-Encoding' } ]
23 silly fetchPackageMetaData Error: Registry returned 404 for GET on https://registry.npmjs.org/@types%2fjquery-ui
23 silly fetchPackageMetaData     at makeError (/Users/Matt/.nvm/versions/node/v4.2.6/lib/node_modules/npm/node_modules/npm-registry-client/lib/request.js:264:12)
23 silly fetchPackageMetaData     at CachingRegistryClient.<anonymous> (/Users/Matt/.nvm/versions/node/v4.2.6/lib/node_modules/npm/node_modules/npm-registry-client/lib/request.js:242:14)
23 silly fetchPackageMetaData     at Request._callback (/Users/Matt/.nvm/versions/node/v4.2.6/lib/node_modules/npm/node_modules/npm-registry-client/lib/request.js:172:14)
23 silly fetchPackageMetaData     at Request.self.callback (/Users/Matt/.nvm/versions/node/v4.2.6/lib/node_modules/npm/node_modules/request/request.js:198:22)
23 silly fetchPackageMetaData     at emitTwo (events.js:87:13)
23 silly fetchPackageMetaData     at Request.emit (events.js:172:7)
23 silly fetchPackageMetaData     at Request.<anonymous> (/Users/Matt/.nvm/versions/node/v4.2.6/lib/node_modules/npm/node_modules/request/request.js:1082:10)
23 silly fetchPackageMetaData     at emitOne (events.js:82:20)
23 silly fetchPackageMetaData     at Request.emit (events.js:169:7)
23 silly fetchPackageMetaData     at IncomingMessage.<anonymous> (/Users/Matt/.nvm/versions/node/v4.2.6/lib/node_modules/npm/node_modules/request/request.js:1009:12)
23 silly fetchPackageMetaData  error for @types/jquery-ui { [Error: Registry returned 404 for GET on https://registry.npmjs.org/@types%2fjquery-ui] pkgid: '@types/jquery-ui', statusCode: 404, code: 'E404' }
24 silly rollbackFailedOptional Starting
25 silly rollbackFailedOptional Finishing
26 silly runTopLevelLifecycles Starting
27 silly runTopLevelLifecycles Finishing
28 silly install printInstalled
29 verbose stack Error: Registry returned 404 for GET on https://registry.npmjs.org/@types%2fjquery-ui
29 verbose stack     at makeError (/Users/Matt/.nvm/versions/node/v4.2.6/lib/node_modules/npm/node_modules/npm-registry-client/lib/request.js:264:12)
29 verbose stack     at CachingRegistryClient.<anonymous> (/Users/Matt/.nvm/versions/node/v4.2.6/lib/node_modules/npm/node_modules/npm-registry-client/lib/request.js:242:14)
29 verbose stack     at Request._callback (/Users/Matt/.nvm/versions/node/v4.2.6/lib/node_modules/npm/node_modules/npm-registry-client/lib/request.js:172:14)
29 verbose stack     at Request.self.callback (/Users/Matt/.nvm/versions/node/v4.2.6/lib/node_modules/npm/node_modules/request/request.js:198:22)
29 verbose stack     at emitTwo (events.js:87:13)
29 verbose stack     at Request.emit (events.js:172:7)
29 verbose stack     at Request.<anonymous> (/Users/Matt/.nvm/versions/node/v4.2.6/lib/node_modules/npm/node_modules/request/request.js:1082:10)
29 verbose stack     at emitOne (events.js:82:20)
29 verbose stack     at Request.emit (events.js:169:7)
29 verbose stack     at IncomingMessage.<anonymous> (/Users/Matt/.nvm/versions/node/v4.2.6/lib/node_modules/npm/node_modules/request/request.js:1009:12)
30 verbose statusCode 404
31 verbose pkgid @types/jquery-ui
32 verbose cwd /Users/Matt/workspace/d3-app/d3app/src
33 error Darwin 15.5.0
34 error argv "/Users/Matt/.nvm/versions/node/v4.2.6/bin/node" "/Users/Matt/.nvm/versions/node/v4.2.6/bin/npm" "install" "@types/jquery-ui" "--save-dev"
35 error node v4.2.6
36 error npm  v3.5.2
37 error code E404
38 error 404 Registry returned 404 for GET on https://registry.npmjs.org/@types%2fjquery-ui
39 error 404
40 error 404 '@types/jquery-ui' is not in the npm registry.
41 error 404 You should bug the author to publish it (or use the name yourself!)
42 error 404 Note that you can also install from a
43 error 404 tarball, folder, http url, or git url.
44 verbose exit [ 1, true ]
